Building DAG of jobs...
Using shell: /usr/bin/bash
Provided cores: 20
Rules claiming more threads will be scaled down.
Job stats:
job             count    min threads    max threads
------------  -------  -------------  -------------
all                 1              1              1
mutect2             1              1              1
samtoolindex        1              1              1
subset_tumor        1              1              1
total               4              1              1

Select jobs to execute...

[Wed Mar 29 14:16:54 2023]
rule samtoolindex:
    input: /storage/zhangyanxiaoLab/suzhuojie/projects/medulloblastoma/data/rawdata/bam/fixed/S04_marked_fixed.bam
    output: /storage/zhangyanxiaoLab/suzhuojie/projects/medulloblastoma/data/rawdata/bam/fixed/S04_marked_fixed.bam.bai
    jobid: 4
    reason: Missing output files: /storage/zhangyanxiaoLab/suzhuojie/projects/medulloblastoma/data/rawdata/bam/fixed/S04_marked_fixed.bam.bai
    wildcards: sample=S04
    resources: tmpdir=/tmp

[Wed Mar 29 14:52:16 2023]
Finished job 4.
1 of 4 steps (25%) done
Select jobs to execute...

[Wed Mar 29 14:52:16 2023]
rule subset_tumor:
    input: /storage/zhangyanxiaoLab/suzhuojie/projects/medulloblastoma/data/rawdata/bam/fixed/S04_marked_fixed.bam, /storage/zhangyanxiaoLab/suzhuojie/projects/medulloblastoma/result/merge_data/before_doubletfinder/gatk/barcode_cancer/S04.txt, /storage/zhangyanxiaoLab/suzhuojie/projects/medulloblastoma/data/rawdata/bam/fixed/S04_marked_fixed.bam.bai
    output: /storage/zhangyanxiaoLab/suzhuojie/projects/medulloblastoma/data/rawdata/bam/fixed_cancer/S04_marked_fixed_cancer.bam, /storage/zhangyanxiaoLab/suzhuojie/projects/medulloblastoma/data/rawdata/bam/fixed_cancer/S04_marked_fixed_cancer.bam.bai
    jobid: 6
    reason: Missing output files: /storage/zhangyanxiaoLab/suzhuojie/projects/medulloblastoma/data/rawdata/bam/fixed_cancer/S04_marked_fixed_cancer.bam, /storage/zhangyanxiaoLab/suzhuojie/projects/medulloblastoma/data/rawdata/bam/fixed_cancer/S04_marked_fixed_cancer.bam.bai; Input files updated by another job: /storage/zhangyanxiaoLab/suzhuojie/projects/medulloblastoma/data/rawdata/bam/fixed/S04_marked_fixed.bam.bai
    wildcards: sample=S04
    resources: tmpdir=/tmp

[Wed Mar 29 19:23:26 2023]
Error in rule subset_tumor:
    jobid: 6
    input: /storage/zhangyanxiaoLab/suzhuojie/projects/medulloblastoma/data/rawdata/bam/fixed/S04_marked_fixed.bam, /storage/zhangyanxiaoLab/suzhuojie/projects/medulloblastoma/result/merge_data/before_doubletfinder/gatk/barcode_cancer/S04.txt, /storage/zhangyanxiaoLab/suzhuojie/projects/medulloblastoma/data/rawdata/bam/fixed/S04_marked_fixed.bam.bai
    output: /storage/zhangyanxiaoLab/suzhuojie/projects/medulloblastoma/data/rawdata/bam/fixed_cancer/S04_marked_fixed_cancer.bam, /storage/zhangyanxiaoLab/suzhuojie/projects/medulloblastoma/data/rawdata/bam/fixed_cancer/S04_marked_fixed_cancer.bam.bai
    shell:
        /storage/zhangyanxiaoLab/suzhuojie/software/subset-bam_linux --bam /storage/zhangyanxiaoLab/suzhuojie/projects/medulloblastoma/data/rawdata/bam/fixed/S04_marked_fixed.bam --bam-tag CB --cell-barcodes /storage/zhangyanxiaoLab/suzhuojie/projects/medulloblastoma/result/merge_data/before_doubletfinder/gatk/barcode_cancer/S04.txt --cores 4 --log-level info --out-bam /storage/zhangyanxiaoLab/suzhuojie/projects/medulloblastoma/data/rawdata/bam/fixed_cancer/S04_marked_fixed_cancer.bam;samtools index /storage/zhangyanxiaoLab/suzhuojie/projects/medulloblastoma/data/rawdata/bam/fixed_cancer/S04_marked_fixed_cancer.bam
        (one of the commands exited with non-zero exit code; note that snakemake uses bash strict mode!)

Shutting down, this might take some time.
Exiting because a job execution failed. Look above for error message
Complete log: .snakemake/log/2023-03-29T141653.866769.snakemake.log
