Building DAG of jobs...
Using shell: /usr/bin/bash
Provided cores: 20
Rules claiming more threads will be scaled down.
Job stats:
job                  count    min threads    max threads
-----------------  -------  -------------  -------------
AnalyzeCovariates        1              1              1
ApplyBQSR                1              1              1
BaseRecalibrator         1              1              1
BaseRecalibrator2        1              1              1
all                      1              1              1
mutect2                  1              1              1
subset_tumor             1              1              1
total                    7              1              1

Select jobs to execute...

[Fri Mar 24 17:16:47 2023]
rule BaseRecalibrator:
    input: /storage/zhangyanxiaoLab/suzhuojie/software/varCA/data/S04.bam
    output: /storage/zhangyanxiaoLab/suzhuojie/projects/medulloblastoma/result/merge_data/before_doubletfinder/gatk/recal_table/S04_recal_data.table1
    jobid: 1
    reason: Missing output files: /storage/zhangyanxiaoLab/suzhuojie/projects/medulloblastoma/result/merge_data/before_doubletfinder/gatk/recal_table/S04_recal_data.table1
    wildcards: sample=S04
    resources: tmpdir=/tmp

[Fri Mar 24 21:15:48 2023]
Error in rule BaseRecalibrator:
    jobid: 1
    input: /storage/zhangyanxiaoLab/suzhuojie/software/varCA/data/S04.bam
    output: /storage/zhangyanxiaoLab/suzhuojie/projects/medulloblastoma/result/merge_data/before_doubletfinder/gatk/recal_table/S04_recal_data.table1
    shell:
        gatk --java-options '-Xmx20G' BaseRecalibrator -I /storage/zhangyanxiaoLab/suzhuojie/software/varCA/data/S04.bam -R /storage/zhangyanxiaoLab/suzhuojie/ref_data/hg38.fa --known-sites /storage/zhangyanxiaoLab/suzhuojie/ref_data/gatk/1000G_phase1.snps.high_confidence.hg38.vcf.gz --known-sites /storage/zhangyanxiaoLab/suzhuojie/ref_data/gatk/dbsnp_146.hg38.vcf.gz --known-sites /storage/zhangyanxiaoLab/suzhuojie/ref_data/gatk/Mills_and_1000G_gold_standard.indels.hg38.vcf.gz -O /storage/zhangyanxiaoLab/suzhuojie/projects/medulloblastoma/result/merge_data/before_doubletfinder/gatk/recal_table/S04_recal_data.table1
        (one of the commands exited with non-zero exit code; note that snakemake uses bash strict mode!)

Shutting down, this might take some time.
Exiting because a job execution failed. Look above for error message
Complete log: .snakemake/log/2023-03-24T171647.022655.snakemake.log
