Building DAG of jobs...
Using shell: /usr/bin/bash
Provided cores: 20
Rules claiming more threads will be scaled down.
Job stats:
job                  count    min threads    max threads
-----------------  -------  -------------  -------------
AnalyzeCovariates        1              1              1
ApplyBQSR                1              1              1
BaseRecalibrator2        1              1              1
all                      1              1              1
mutect2                  1              1              1
subset_tumor             1              1              1
total                    6              1              1

Select jobs to execute...

[Fri Mar 31 10:42:55 2023]
rule ApplyBQSR:
    input: /storage/zhangyanxiaoLab/suzhuojie/projects/medulloblastoma/data/rawdata/bam/normal_chromosome/S04.bam, /storage/zhangyanxiaoLab/suzhuojie/projects/medulloblastoma/result/merge_data/before_doubletfinder/gatk/recal_table/S04_recal_data.table1
    output: /storage/zhangyanxiaoLab/suzhuojie/projects/medulloblastoma/data/rawdata/bam/fixed/S04_marked_fixed.bam, /storage/zhangyanxiaoLab/suzhuojie/projects/medulloblastoma/data/rawdata/bam/fixed/S04_marked_fixed.bam.bai
    jobid: 3
    reason: Missing output files: /storage/zhangyanxiaoLab/suzhuojie/projects/medulloblastoma/data/rawdata/bam/fixed/S04_marked_fixed.bam, /storage/zhangyanxiaoLab/suzhuojie/projects/medulloblastoma/data/rawdata/bam/fixed/S04_marked_fixed.bam.bai
    wildcards: sample=S04
    resources: tmpdir=/tmp

[Fri Mar 31 10:42:57 2023]
Error in rule ApplyBQSR:
    jobid: 3
    input: /storage/zhangyanxiaoLab/suzhuojie/projects/medulloblastoma/data/rawdata/bam/normal_chromosome/S04.bam, /storage/zhangyanxiaoLab/suzhuojie/projects/medulloblastoma/result/merge_data/before_doubletfinder/gatk/recal_table/S04_recal_data.table1
    output: /storage/zhangyanxiaoLab/suzhuojie/projects/medulloblastoma/data/rawdata/bam/fixed/S04_marked_fixed.bam, /storage/zhangyanxiaoLab/suzhuojie/projects/medulloblastoma/data/rawdata/bam/fixed/S04_marked_fixed.bam.bai
    shell:
        gatk  --java-options '-Xmx20G' ApplyBQSR -R /storage/zhangyanxiaoLab/suzhuojie/ref_data/hg38.fa -I /storage/zhangyanxiaoLab/suzhuojie/projects/medulloblastoma/data/rawdata/bam/normal_chromosome/S04.bam --bqsr-recal-file  /storage/zhangyanxiaoLab/suzhuojie/projects/medulloblastoma/result/merge_data/before_doubletfinder/gatk/recal_table/S04_recal_data.table1 -O /storage/zhangyanxiaoLab/suzhuojie/projects/medulloblastoma/data/rawdata/bam/fixed/S04_marked_fixed.bam /storage/zhangyanxiaoLab/suzhuojie/projects/medulloblastoma/data/rawdata/bam/fixed/S04_marked_fixed.bam.bai;samtools index /storage/zhangyanxiaoLab/suzhuojie/projects/medulloblastoma/data/rawdata/bam/normal_chromosome/S04.bam /storage/zhangyanxiaoLab/suzhuojie/projects/medulloblastoma/result/merge_data/before_doubletfinder/gatk/recal_table/S04_recal_data.table1
        (one of the commands exited with non-zero exit code; note that snakemake uses bash strict mode!)

Shutting down, this might take some time.
Exiting because a job execution failed. Look above for error message
Complete log: .snakemake/log/2023-03-31T104255.320554.snakemake.log
