Building DAG of jobs...
Using shell: /usr/bin/bash
Provided cores: 20
Rules claiming more threads will be scaled down.
Job stats:
job                  count    min threads    max threads
-----------------  -------  -------------  -------------
AnalyzeCovariates        1              1              1
all                      1              1              1
mutect2                  1              1              1
subset_tumor             1              1              1
total                    4              1              1

Select jobs to execute...

[Wed Mar 29 13:56:44 2023]
rule subset_tumor:
    input: /storage/zhangyanxiaoLab/suzhuojie/projects/medulloblastoma/data/rawdata/bam/fixed/S04_marked_fixed.bam, /storage/zhangyanxiaoLab/suzhuojie/projects/medulloblastoma/result/merge_data/before_doubletfinder/gatk/barcode_cancer/S04.txt
    output: /storage/zhangyanxiaoLab/suzhuojie/projects/medulloblastoma/data/rawdata/bam/fixed_cancer/S04_marked_fixed_cancer.bam
    jobid: 6
    reason: Missing output files: /storage/zhangyanxiaoLab/suzhuojie/projects/medulloblastoma/data/rawdata/bam/fixed_cancer/S04_marked_fixed_cancer.bam
    wildcards: sample=S04
    resources: tmpdir=/tmp


[Wed Mar 29 13:56:44 2023]
rule AnalyzeCovariates:
    input: /storage/zhangyanxiaoLab/suzhuojie/projects/medulloblastoma/result/merge_data/before_doubletfinder/gatk/recal_table/S04_recal_data.table1, /storage/zhangyanxiaoLab/suzhuojie/projects/medulloblastoma/result/merge_data/before_doubletfinder/gatk/recal_table/S04_recal_data.table2
    output: /storage/zhangyanxiaoLab/suzhuojie/projects/medulloblastoma/result/merge_data/before_doubletfinder/gatk/plot/S04_AnalyzeCovariates.pdf
    jobid: 5
    reason: Missing output files: /storage/zhangyanxiaoLab/suzhuojie/projects/medulloblastoma/result/merge_data/before_doubletfinder/gatk/plot/S04_AnalyzeCovariates.pdf
    wildcards: sample=S04
    resources: tmpdir=/tmp

[Wed Mar 29 13:56:44 2023]
Error in rule subset_tumor:
    jobid: 6
    input: /storage/zhangyanxiaoLab/suzhuojie/projects/medulloblastoma/data/rawdata/bam/fixed/S04_marked_fixed.bam, /storage/zhangyanxiaoLab/suzhuojie/projects/medulloblastoma/result/merge_data/before_doubletfinder/gatk/barcode_cancer/S04.txt
    output: /storage/zhangyanxiaoLab/suzhuojie/projects/medulloblastoma/data/rawdata/bam/fixed_cancer/S04_marked_fixed_cancer.bam
    shell:
        /storage/zhangyanxiaoLab/suzhuojie/software/subset-bam_linux --bam /storage/zhangyanxiaoLab/suzhuojie/projects/medulloblastoma/data/rawdata/bam/fixed/S04_marked_fixed.bam --bam-tag CB --cell-barcodes /storage/zhangyanxiaoLab/suzhuojie/projects/medulloblastoma/result/merge_data/before_doubletfinder/gatk/barcode_cancer/S04.txt --cores 4 --log-level info --out-bam /storage/zhangyanxiaoLab/suzhuojie/projects/medulloblastoma/data/rawdata/bam/fixed_cancer/S04_marked_fixed_cancer.bam
        (one of the commands exited with non-zero exit code; note that snakemake uses bash strict mode!)

[Wed Mar 29 13:56:48 2023]
Error in rule AnalyzeCovariates:
    jobid: 5
    input: /storage/zhangyanxiaoLab/suzhuojie/projects/medulloblastoma/result/merge_data/before_doubletfinder/gatk/recal_table/S04_recal_data.table1, /storage/zhangyanxiaoLab/suzhuojie/projects/medulloblastoma/result/merge_data/before_doubletfinder/gatk/recal_table/S04_recal_data.table2
    output: /storage/zhangyanxiaoLab/suzhuojie/projects/medulloblastoma/result/merge_data/before_doubletfinder/gatk/plot/S04_AnalyzeCovariates.pdf
    shell:
        gatk --java-options '-Xmx20G' AnalyzeCovariates -before /storage/zhangyanxiaoLab/suzhuojie/projects/medulloblastoma/result/merge_data/before_doubletfinder/gatk/recal_table/S04_recal_data.table1 -after /storage/zhangyanxiaoLab/suzhuojie/projects/medulloblastoma/result/merge_data/before_doubletfinder/gatk/recal_table/S04_recal_data.table2 -plots /storage/zhangyanxiaoLab/suzhuojie/projects/medulloblastoma/result/merge_data/before_doubletfinder/gatk/plot/S04_AnalyzeCovariates.pdf
        (one of the commands exited with non-zero exit code; note that snakemake uses bash strict mode!)

Shutting down, this might take some time.
Exiting because a job execution failed. Look above for error message
Complete log: .snakemake/log/2023-03-29T135632.500594.snakemake.log
