Building DAG of jobs...
Using shell: /usr/bin/bash
Provided cores: 128
Rules claiming more threads will be scaled down.
Job stats:
job                  count    min threads    max threads
-----------------  -------  -------------  -------------
AnalyzeCovariates        1              1              1
all                      1              1              1
mutect2                  1              1              1
total                    3              1              1

Select jobs to execute...

[Mon Apr  3 10:25:44 2023]
rule mutect2:
    input: /storage/zhangyanxiaoLab/suzhuojie/projects/medulloblastoma/data/rawdata/bam/fixed/S04_marked_fixed.bam
    output: /storage/zhangyanxiaoLab/suzhuojie/projects/medulloblastoma/result/merge_data/before_doubletfinder/gatk/vcf/S04_tumor.vcf.gz
    jobid: 6
    reason: Missing output files: /storage/zhangyanxiaoLab/suzhuojie/projects/medulloblastoma/result/merge_data/before_doubletfinder/gatk/vcf/S04_tumor.vcf.gz
    wildcards: sample=S04
    resources: tmpdir=/tmp


[Mon Apr  3 10:25:44 2023]
rule AnalyzeCovariates:
    input: /storage/zhangyanxiaoLab/suzhuojie/projects/medulloblastoma/result/merge_data/before_doubletfinder/gatk/recal_table/S04_recal_data.table1, /storage/zhangyanxiaoLab/suzhuojie/projects/medulloblastoma/result/merge_data/before_doubletfinder/gatk/recal_table/S04_recal_data.table2
    output: /storage/zhangyanxiaoLab/suzhuojie/projects/medulloblastoma/result/merge_data/before_doubletfinder/gatk/plot/S04_AnalyzeCovariates.pdf
    jobid: 5
    reason: Missing output files: /storage/zhangyanxiaoLab/suzhuojie/projects/medulloblastoma/result/merge_data/before_doubletfinder/gatk/plot/S04_AnalyzeCovariates.pdf
    wildcards: sample=S04
    resources: tmpdir=/tmp

[Mon Apr  3 10:25:50 2023]
Error in rule mutect2:
    jobid: 6
    input: /storage/zhangyanxiaoLab/suzhuojie/projects/medulloblastoma/data/rawdata/bam/fixed/S04_marked_fixed.bam
    output: /storage/zhangyanxiaoLab/suzhuojie/projects/medulloblastoma/result/merge_data/before_doubletfinder/gatk/vcf/S04_tumor.vcf.gz
    shell:
        gatk --java-options '-Xmx20G'  Mutect2 -R /storage/zhangyanxiaoLab/suzhuojie/ref_data/hg38.fa -I /storage/zhangyanxiaoLab/suzhuojie/projects/medulloblastoma/data/rawdata/bam/fixed/S04_marked_fixed.bam -O /storage/zhangyanxiaoLab/suzhuojie/projects/medulloblastoma/result/merge_data/before_doubletfinder/gatk/vcf/S04_tumor.vcf.gz
        (one of the commands exited with non-zero exit code; note that snakemake uses bash strict mode!)

[Mon Apr  3 10:25:59 2023]
Error in rule AnalyzeCovariates:
    jobid: 5
    input: /storage/zhangyanxiaoLab/suzhuojie/projects/medulloblastoma/result/merge_data/before_doubletfinder/gatk/recal_table/S04_recal_data.table1, /storage/zhangyanxiaoLab/suzhuojie/projects/medulloblastoma/result/merge_data/before_doubletfinder/gatk/recal_table/S04_recal_data.table2
    output: /storage/zhangyanxiaoLab/suzhuojie/projects/medulloblastoma/result/merge_data/before_doubletfinder/gatk/plot/S04_AnalyzeCovariates.pdf
    shell:
        gatk --java-options '-Xmx20G' AnalyzeCovariates -before /storage/zhangyanxiaoLab/suzhuojie/projects/medulloblastoma/result/merge_data/before_doubletfinder/gatk/recal_table/S04_recal_data.table1 -after /storage/zhangyanxiaoLab/suzhuojie/projects/medulloblastoma/result/merge_data/before_doubletfinder/gatk/recal_table/S04_recal_data.table2 -plots /storage/zhangyanxiaoLab/suzhuojie/projects/medulloblastoma/result/merge_data/before_doubletfinder/gatk/plot/S04_AnalyzeCovariates.pdf
        (one of the commands exited with non-zero exit code; note that snakemake uses bash strict mode!)

Shutting down, this might take some time.
Exiting because a job execution failed. Look above for error message
Complete log: .snakemake/log/2023-04-03T102534.755062.snakemake.log
