Building DAG of jobs...
Using shell: /usr/bin/bash
Provided cores: 10
Rules claiming more threads will be scaled down.
Job stats:
job                  count    min threads    max threads
-----------------  -------  -------------  -------------
AnalyzeCovariates        1              1              1
ApplyBQSR                1              1              1
BaseRecalibrator2        1              1              1
all                      1              1              1
mutect2                  1              1              1
subset_tumor             1              1              1
total                    6              1              1

Select jobs to execute...

[Tue Mar 28 09:54:01 2023]
rule ApplyBQSR:
    input: /storage/zhangyanxiaoLab/suzhuojie/projects/medulloblastoma/data/rawdata/bam/normal_chromosome/S04.bam, /storage/zhangyanxiaoLab/suzhuojie/projects/medulloblastoma/result/merge_data/before_doubletfinder/gatk/recal_table/S04_recal_data.table1
    output: /storage/zhangyanxiaoLab/suzhuojie/projects/medulloblastoma/data/rawdata/bam/fixed/S04_marked_fixed.bam
    jobid: 3
    reason: Missing output files: /storage/zhangyanxiaoLab/suzhuojie/projects/medulloblastoma/data/rawdata/bam/fixed/S04_marked_fixed.bam; Set of input files has changed since last execution
    wildcards: sample=S04
    resources: tmpdir=/tmp

[Tue Mar 28 19:37:42 2023]
Finished job 3.
1 of 6 steps (17%) done
Select jobs to execute...

[Tue Mar 28 19:37:43 2023]
rule subset_tumor:
    input: /storage/zhangyanxiaoLab/suzhuojie/projects/medulloblastoma/data/rawdata/bam/fixed/S04_marked_fixed.bam, /storage/zhangyanxiaoLab/suzhuojie/projects/medulloblastoma/result/merge_data/before_doubletfinder/gatk/barcode_cancer/S04.txt
    output: /storage/zhangyanxiaoLab/suzhuojie/projects/medulloblastoma/data/rawdata/bam/fixed_cancer/S04_marked_fixed_cancer.bam
    jobid: 6
    reason: Missing output files: /storage/zhangyanxiaoLab/suzhuojie/projects/medulloblastoma/data/rawdata/bam/fixed_cancer/S04_marked_fixed_cancer.bam; Input files updated by another job: /storage/zhangyanxiaoLab/suzhuojie/projects/medulloblastoma/data/rawdata/bam/fixed/S04_marked_fixed.bam
    wildcards: sample=S04
    resources: tmpdir=/tmp


[Tue Mar 28 19:37:43 2023]
rule BaseRecalibrator2:
    input: /storage/zhangyanxiaoLab/suzhuojie/projects/medulloblastoma/data/rawdata/bam/fixed/S04_marked_fixed.bam
    output: /storage/zhangyanxiaoLab/suzhuojie/projects/medulloblastoma/result/merge_data/before_doubletfinder/gatk/recal_table/S04_recal_data.table2
    jobid: 4
    reason: Missing output files: /storage/zhangyanxiaoLab/suzhuojie/projects/medulloblastoma/result/merge_data/before_doubletfinder/gatk/recal_table/S04_recal_data.table2; Input files updated by another job: /storage/zhangyanxiaoLab/suzhuojie/projects/medulloblastoma/data/rawdata/bam/fixed/S04_marked_fixed.bam
    wildcards: sample=S04
    resources: tmpdir=/tmp

[Tue Mar 28 19:37:43 2023]
Error in rule subset_tumor:
    jobid: 6
    input: /storage/zhangyanxiaoLab/suzhuojie/projects/medulloblastoma/data/rawdata/bam/fixed/S04_marked_fixed.bam, /storage/zhangyanxiaoLab/suzhuojie/projects/medulloblastoma/result/merge_data/before_doubletfinder/gatk/barcode_cancer/S04.txt
    output: /storage/zhangyanxiaoLab/suzhuojie/projects/medulloblastoma/data/rawdata/bam/fixed_cancer/S04_marked_fixed_cancer.bam
    shell:
        /storage/zhangyanxiaoLab/suzhuojie/software/subset-bam_linux --bam /storage/zhangyanxiaoLab/suzhuojie/projects/medulloblastoma/data/rawdata/bam/fixed/S04_marked_fixed.bam --bam-tag CB --cell-barcodes /storage/zhangyanxiaoLab/suzhuojie/projects/medulloblastoma/result/merge_data/before_doubletfinder/gatk/barcode_cancer/S04.txt cores 4 --log-level info --out-bam /storage/zhangyanxiaoLab/suzhuojie/projects/medulloblastoma/data/rawdata/bam/fixed_cancer/S04_marked_fixed_cancer.bam
        (one of the commands exited with non-zero exit code; note that snakemake uses bash strict mode!)

[Wed Mar 29 00:11:50 2023]
Finished job 4.
2 of 6 steps (33%) done
Shutting down, this might take some time.
Exiting because a job execution failed. Look above for error message
Complete log: .snakemake/log/2023-03-28T095400.993923.snakemake.log
