Building DAG of jobs...
Using shell: /usr/bin/bash
Provided cores: 5
Rules claiming more threads will be scaled down.
Job stats:
job                 count    min threads    max threads
----------------  -------  -------------  -------------
BaseRecalibrator        1              1              1
all                     1              1              1
total                   2              1              1

Select jobs to execute...

[Fri Mar 24 13:50:49 2023]
rule BaseRecalibrator:
    input: /storage/zhangyanxiaoLab/suzhuojie/software/varCA/data/S04.bam
    output: /storage/zhangyanxiaoLab/suzhuojie/projects/medulloblastoma/result/S04_recal_data.table2
    jobid: 1
    reason: Missing output files: /storage/zhangyanxiaoLab/suzhuojie/projects/medulloblastoma/result/S04_recal_data.table2
    resources: tmpdir=/tmp

Terminating processes on user request, this might take some time.
[Fri Mar 24 13:50:53 2023]
Error in rule BaseRecalibrator:
    jobid: 1
    input: /storage/zhangyanxiaoLab/suzhuojie/software/varCA/data/S04.bam
    output: /storage/zhangyanxiaoLab/suzhuojie/projects/medulloblastoma/result/S04_recal_data.table2
    shell:
        gatk --java-options '-Xmx20G' BaseRecalibrator -I /storage/zhangyanxiaoLab/suzhuojie/software/varCA/data/S04.bam -R /storage/zhangyanxiaoLab/suzhuojie/ref_data/hg38.fa --known-sites /storage/zhangyanxiaoLab/suzhuojie/ref_data/gatk/1000G_phase1.snps.high_confidence.hg38.vcf.gz --known-sites /storage/zhangyanxiaoLab/suzhuojie/ref_data/gatk/dbsnp_146.hg38.vcf.gz --known-sites /storage/zhangyanxiaoLab/suzhuojie/ref_data/gatk/Mills_and_1000G_gold_standard.indels.hg38.vcf.gz -O /storage/zhangyanxiaoLab/suzhuojie/projects/medulloblastoma/result/S04_recal_data.table2
        (one of the commands exited with non-zero exit code; note that snakemake uses bash strict mode!)

Complete log: .snakemake/log/2023-03-24T135049.297619.snakemake.log
